2025-05-09 16:49:39,013 - INFO - root - Бот запущен
2025-05-09 16:49:39,014 - INFO - aiogram.dispatcher - Start polling
2025-05-09 16:49:39,339 - INFO - aiogram.dispatcher - Run polling for bot @Sportzhangbot id=7604875583 - 'Sport planner | ZhangGroup'
2025-05-09 16:49:45,575 - INFO - aiogram.event - Update id=675292071 is handled. Duration 342 ms by bot id=7604875583
2025-05-09 16:49:50,454 - INFO - aiogram.event - Update id=675292072 is handled. Duration 250 ms by bot id=7604875583
2025-05-09 16:49:56,598 - INFO - aiogram.event - Update id=675292073 is handled. Duration 233 ms by bot id=7604875583
2025-05-09 16:51:40,099 - INFO - aiogram.event - Update id=675292074 is handled. Duration 282 ms by bot id=7604875583
2025-05-09 16:51:41,800 - INFO - aiogram.event - Update id=675292075 is handled. Duration 391 ms by bot id=7604875583
2025-05-09 16:51:42,642 - INFO - aiogram.event - Update id=675292076 is handled. Duration 343 ms by bot id=7604875583
2025-05-09 16:51:43,273 - INFO - aiogram.event - Update id=675292077 is handled. Duration 250 ms by bot id=7604875583
2025-05-09 16:51:43,885 - INFO - aiogram.event - Update id=675292078 is handled. Duration 266 ms by bot id=7604875583
2025-05-09 16:51:47,682 - INFO - aiogram.event - Update id=675292079 is handled. Duration 265 ms by bot id=7604875583
2025-05-09 16:51:49,320 - INFO - aiogram.event - Update id=675292080 is handled. Duration 389 ms by bot id=7604875583
2025-05-09 16:51:56,401 - INFO - aiogram.event - Update id=675292081 is handled. Duration 125 ms by bot id=7604875583
2025-05-09 16:51:57,861 - INFO - aiogram.event - Update id=675292082 is handled. Duration 375 ms by bot id=7604875583
2025-05-09 16:51:58,784 - INFO - aiogram.event - Update id=675292083 is handled. Duration 375 ms by bot id=7604875583
2025-05-09 16:51:59,125 - INFO - aiogram.event - Update id=675292084 is not handled. Duration 0 ms by bot id=7604875583
2025-05-09 16:52:06,487 - INFO - aiogram.event - Update id=675292085 is handled. Duration 235 ms by bot id=7604875583
2025-05-09 16:52:08,209 - INFO - aiogram.event - Update id=675292086 is handled. Duration 266 ms by bot id=7604875583
2025-05-09 16:52:09,234 - INFO - aiogram.event - Update id=675292087 is handled. Duration 360 ms by bot id=7604875583
2025-05-09 16:52:10,661 - INFO - aiogram.event - Update id=675292088 is handled. Duration 264 ms by bot id=7604875583
2025-05-09 16:52:11,427 - INFO - aiogram.event - Update id=675292089 is handled. Duration 265 ms by bot id=7604875583
2025-05-09 16:52:12,331 - INFO - aiogram.event - Update id=675292090 is handled. Duration 264 ms by bot id=7604875583
2025-05-09 16:52:13,157 - INFO - aiogram.event - Update id=675292091 is handled. Duration 296 ms by bot id=7604875583
2025-05-09 16:52:14,194 - INFO - aiogram.event - Update id=675292092 is handled. Duration 592 ms by bot id=7604875583
2025-05-09 16:54:04,051 - INFO - aiogram.event - Update id=675292093 is handled. Duration 125 ms by bot id=7604875583
2025-05-09 16:54:05,162 - INFO - aiogram.event - Update id=675292094 is handled. Duration 281 ms by bot id=7604875583
2025-05-09 16:54:06,392 - INFO - aiogram.event - Update id=675292095 is handled. Duration 235 ms by bot id=7604875583
2025-05-09 16:54:06,594 - INFO - aiogram.event - Update id=675292096 is not handled. Duration 0 ms by bot id=7604875583
2025-05-09 16:54:07,558 - INFO - aiogram.event - Update id=675292097 is handled. Duration 296 ms by bot id=7604875583
2025-05-09 16:54:08,215 - INFO - aiogram.event - Update id=675292098 is handled. Duration 281 ms by bot id=7604875583
2025-05-09 16:54:12,020 - INFO - aiogram.event - Update id=675292099 is handled. Duration 233 ms by bot id=7604875583
2025-05-09 16:54:12,864 - INFO - aiogram.event - Update id=675292100 is handled. Duration 264 ms by bot id=7604875583
2025-05-09 16:54:14,169 - INFO - aiogram.event - Update id=675292101 is handled. Duration 297 ms by bot id=7604875583
2025-05-09 16:54:15,131 - INFO - aiogram.event - Update id=675292102 is handled. Duration 281 ms by bot id=7604875583
2025-05-09 16:54:19,887 - INFO - aiogram.event - Update id=675292103 is handled. Duration 125 ms by bot id=7604875583
2025-05-09 16:54:21,722 - INFO - aiogram.event - Update id=675292104 is handled. Duration 500 ms by bot id=7604875583
2025-05-09 16:54:25,538 - INFO - aiogram.event - Update id=675292105 is handled. Duration 234 ms by bot id=7604875583
2025-05-09 16:54:27,072 - INFO - aiogram.event - Update id=675292106 is handled. Duration 233 ms by bot id=7604875583
2025-05-09 16:54:29,738 - INFO - aiogram.event - Update id=675292107 is handled. Duration 235 ms by bot id=7604875583
2025-05-09 16:54:30,861 - INFO - aiogram.event - Update id=675292108 is handled. Duration 235 ms by bot id=7604875583
2025-05-09 16:54:32,617 - INFO - aiogram.event - Update id=675292109 is handled. Duration 233 ms by bot id=7604875583
2025-05-09 16:54:33,753 - INFO - aiogram.event - Update id=675292110 is handled. Duration 264 ms by bot id=7604875583
2025-05-09 16:54:34,749 - INFO - aiogram.event - Update id=675292111 is handled. Duration 233 ms by bot id=7604875583
2025-05-09 16:54:35,623 - INFO - aiogram.event - Update id=675292112 is handled. Duration 233 ms by bot id=7604875583
2025-05-09 16:54:37,310 - INFO - aiogram.event - Update id=675292113 is handled. Duration 281 ms by bot id=7604875583
2025-05-09 16:58:01,319 - INFO - aiogram.dispatcher - Polling stopped
2025-05-09 16:58:01,586 - INFO - root - Бот остановлен
2025-05-09 16:58:01,587 - INFO - aiogram.dispatcher - Polling stopped for bot @Sportzhangbot id=7604875583 - 'Sport planner | ZhangGroup'
2025-05-09 16:58:03,389 - INFO - root - Бот запущен
2025-05-09 16:58:03,390 - INFO - aiogram.dispatcher - Start polling
2025-05-09 16:58:03,712 - INFO - aiogram.dispatcher - Run polling for bot @Sportzhangbot id=7604875583 - 'Sport planner | ZhangGroup'
2025-05-09 16:58:06,257 - INFO - aiogram.event - Update id=675292114 is handled. Duration 343 ms by bot id=7604875583
2025-05-09 16:58:07,528 - INFO - aiogram.event - Update id=675292115 is handled. Duration 328 ms by bot id=7604875583
2025-05-09 16:58:09,788 - INFO - aiogram.event - Update id=675292116 is handled. Duration 266 ms by bot id=7604875583
2025-05-09 16:58:10,425 - INFO - aiogram.event - Update id=675292117 is handled. Duration 250 ms by bot id=7604875583
2025-05-09 16:58:11,184 - INFO - aiogram.event - Update id=675292118 is handled. Duration 360 ms by bot id=7604875583
2025-05-09 16:58:12,192 - INFO - aiogram.event - Update id=675292119 is handled. Duration 390 ms by bot id=7604875583
2025-05-09 16:58:12,840 - INFO - aiogram.event - Update id=675292120 is handled. Duration 250 ms by bot id=7604875583
2025-05-09 16:58:13,549 - INFO - aiogram.event - Update id=675292121 is handled. Duration 250 ms by bot id=7604875583
2025-05-09 16:58:14,532 - INFO - aiogram.event - Update id=675292122 is handled. Duration 233 ms by bot id=7604875583
2025-05-09 16:58:15,377 - INFO - aiogram.event - Update id=675292123 is handled. Duration 250 ms by bot id=7604875583
2025-05-09 16:58:16,186 - INFO - aiogram.event - Update id=675292124 is handled. Duration 265 ms by bot id=7604875583
2025-05-09 16:58:20,226 - INFO - aiogram.event - Update id=675292125 is handled. Duration 328 ms by bot id=7604875583
2025-05-09 16:58:22,821 - INFO - aiogram.event - Update id=675292126 is handled. Duration 467 ms by bot id=7604875583
2025-05-09 16:58:23,886 - INFO - aiogram.event - Update id=675292127 is handled. Duration 0 ms by bot id=7604875583
2025-05-09 16:59:17,122 - INFO - aiogram.event - Update id=675292128 is handled. Duration 0 ms by bot id=7604875583
2025-05-09 17:01:50,576 - INFO - aiogram.dispatcher - Polling stopped
2025-05-09 17:01:50,826 - INFO - root - Бот остановлен
2025-05-09 17:01:50,826 - INFO - aiogram.dispatcher - Polling stopped for bot @Sportzhangbot id=7604875583 - 'Sport planner | ZhangGroup'
2025-05-09 17:09:30,358 - INFO - root - Бот запущен
2025-05-09 17:09:30,359 - INFO - aiogram.dispatcher - Start polling
2025-05-09 17:09:30,685 - INFO - aiogram.dispatcher - Run polling for bot @Sportzhangbot id=7604875583 - 'Sport planner | ZhangGroup'
2025-05-09 17:09:33,080 - INFO - aiogram.event - Update id=675292130 is handled. Duration 327 ms by bot id=7604875583
2025-05-09 17:09:34,235 - INFO - aiogram.event - Update id=675292131 is handled. Duration 375 ms by bot id=7604875583
2025-05-09 17:09:35,031 - INFO - aiogram.event - Update id=675292132 is handled. Duration 233 ms by bot id=7604875583
2025-05-09 17:09:35,878 - INFO - aiogram.event - Update id=675292133 is handled. Duration 233 ms by bot id=7604875583
2025-05-09 17:09:36,794 - INFO - aiogram.event - Update id=675292134 is handled. Duration 250 ms by bot id=7604875583
2025-05-09 17:09:37,653 - INFO - aiogram.event - Update id=675292135 is handled. Duration 233 ms by bot id=7604875583
2025-05-09 17:09:41,609 - INFO - aiogram.event - Update id=675292136 is handled. Duration 250 ms by bot id=7604875583
2025-05-09 17:09:42,700 - INFO - aiogram.event - Update id=675292137 is handled. Duration 296 ms by bot id=7604875583
2025-05-09 17:09:43,577 - INFO - aiogram.event - Update id=675292138 is handled. Duration 375 ms by bot id=7604875583
2025-05-09 17:09:44,235 - INFO - aiogram.event - Update id=675292139 is handled. Duration 235 ms by bot id=7604875583
2025-05-09 17:09:45,139 - INFO - aiogram.event - Update id=675292140 is handled. Duration 125 ms by bot id=7604875583
2025-05-09 17:09:48,163 - INFO - aiogram.event - Update id=675292141 is handled. Duration 266 ms by bot id=7604875583
2025-05-09 17:09:48,939 - INFO - aiogram.event - Update id=675292142 is handled. Duration 110 ms by bot id=7604875583
2025-05-09 17:09:50,293 - INFO - aiogram.event - Update id=675292143 is handled. Duration 312 ms by bot id=7604875583
2025-05-09 17:09:51,112 - INFO - aiogram.event - Update id=675292144 is handled. Duration 453 ms by bot id=7604875583
2025-05-09 17:09:52,205 - INFO - aiogram.event - Update id=675292145 is handled. Duration 467 ms by bot id=7604875583
2025-05-09 17:09:54,462 - INFO - aiogram.event - Update id=675292146 is handled. Duration 233 ms by bot id=7604875583
2025-05-09 17:09:55,406 - INFO - aiogram.event - Update id=675292147 is handled. Duration 250 ms by bot id=7604875583
2025-05-09 17:09:56,614 - INFO - aiogram.event - Update id=675292148 is handled. Duration 312 ms by bot id=7604875583
2025-05-09 17:09:57,026 - INFO - aiogram.event - Update id=675292149 is handled. Duration 358 ms by bot id=7604875583
2025-05-09 17:09:57,251 - INFO - aiogram.event - Update id=675292150 is handled. Duration 406 ms by bot id=7604875583
2025-05-09 17:10:00,795 - INFO - aiogram.event - Update id=675292151 is handled. Duration 141 ms by bot id=7604875583
2025-05-09 17:10:02,391 - INFO - aiogram.event - Update id=675292152 is handled. Duration 250 ms by bot id=7604875583
2025-05-09 17:10:02,995 - INFO - aiogram.event - Update id=675292153 is handled. Duration 264 ms by bot id=7604875583
2025-05-09 17:10:03,849 - INFO - aiogram.event - Update id=675292154 is handled. Duration 250 ms by bot id=7604875583
2025-05-09 17:10:04,714 - INFO - aiogram.event - Update id=675292155 is handled. Duration 233 ms by bot id=7604875583
2025-05-09 17:10:07,140 - INFO - aiogram.event - Update id=675292156 is handled. Duration 235 ms by bot id=7604875583
2025-05-09 17:10:08,098 - INFO - aiogram.event - Update id=675292157 is handled. Duration 250 ms by bot id=7604875583
2025-05-09 17:10:08,919 - INFO - aiogram.event - Update id=675292158 is handled. Duration 266 ms by bot id=7604875583
2025-05-09 17:10:09,900 - INFO - aiogram.event - Update id=675292159 is handled. Duration 233 ms by bot id=7604875583
2025-05-09 17:10:12,901 - INFO - aiogram.event - Update id=675292160 is handled. Duration 233 ms by bot id=7604875583
2025-05-09 17:10:13,341 - INFO - aiogram.event - Update id=675292161 is not handled. Duration 0 ms by bot id=7604875583
2025-05-09 17:10:14,332 - INFO - aiogram.event - Update id=675292162 is handled. Duration 264 ms by bot id=7604875583
2025-05-09 17:10:15,821 - INFO - aiogram.event - Update id=675292163 is handled. Duration 250 ms by bot id=7604875583
2025-05-09 17:10:20,329 - INFO - aiogram.event - Update id=675292164 is handled. Duration 436 ms by bot id=7604875583
2025-05-09 17:10:21,065 - INFO - aiogram.event - Update id=675292165 is handled. Duration 250 ms by bot id=7604875583
2025-05-09 17:10:22,556 - INFO - aiogram.event - Update id=675292166 is handled. Duration 406 ms by bot id=7604875583
2025-05-09 17:10:23,402 - INFO - aiogram.event - Update id=675292167 is handled. Duration 312 ms by bot id=7604875583
2025-05-09 17:10:24,434 - INFO - aiogram.event - Update id=675292168 is handled. Duration 250 ms by bot id=7604875583
2025-05-09 17:11:38,724 - INFO - aiogram.event - Update id=675292169 is handled. Duration 266 ms by bot id=7604875583
2025-05-09 17:11:39,364 - INFO - aiogram.event - Update id=675292170 is handled. Duration 264 ms by bot id=7604875583
2025-05-09 17:11:40,013 - INFO - aiogram.event - Update id=675292171 is handled. Duration 235 ms by bot id=7604875583
2025-05-09 17:11:47,349 - INFO - aiogram.event - Update id=675292172 is handled. Duration 391 ms by bot id=7604875583
2025-05-09 17:11:48,145 - INFO - aiogram.event - Update id=675292173 is handled. Duration 343 ms by bot id=7604875583
2025-05-09 17:11:49,094 - INFO - aiogram.event - Update id=675292174 is handled. Duration 483 ms by bot id=7604875583
2025-05-09 17:11:49,546 - INFO - aiogram.event - Update id=675292175 is handled. Duration 359 ms by bot id=7604875583
2025-05-09 17:11:49,994 - INFO - aiogram.event - Update id=675292176 is handled. Duration 108 ms by bot id=7604875583
2025-05-09 17:11:51,884 - INFO - aiogram.event - Update id=675292177 is handled. Duration 266 ms by bot id=7604875583
2025-05-09 17:11:53,022 - INFO - aiogram.event - Update id=675292178 is handled. Duration 264 ms by bot id=7604875583
2025-05-09 17:11:59,112 - INFO - aiogram.event - Update id=675292179 is handled. Duration 250 ms by bot id=7604875583
2025-05-09 17:12:02,504 - INFO - aiogram.event - Update id=675292180 is handled. Duration 233 ms by bot id=7604875583
2025-05-09 17:12:07,646 - INFO - aiogram.event - Update id=675292181 is handled. Duration 233 ms by bot id=7604875583
2025-05-09 17:12:08,947 - INFO - aiogram.event - Update id=675292182 is handled. Duration 250 ms by bot id=7604875583
2025-05-09 17:12:13,328 - INFO - aiogram.event - Update id=675292183 is handled. Duration 311 ms by bot id=7604875583
2025-05-09 17:12:13,970 - INFO - aiogram.dispatcher - Polling stopped
2025-05-09 17:12:14,225 - INFO - root - Бот остановлен
2025-05-09 17:12:14,225 - INFO - aiogram.dispatcher - Polling stopped for bot @Sportzhangbot id=7604875583 - 'Sport planner | ZhangGroup'
2025-05-09 17:12:15,915 - INFO - root - Бот запущен
2025-05-09 17:12:15,916 - INFO - aiogram.dispatcher - Start polling
2025-05-09 17:12:16,238 - INFO - aiogram.dispatcher - Run polling for bot @Sportzhangbot id=7604875583 - 'Sport planner | ZhangGroup'
2025-05-09 17:12:16,804 - INFO - aiogram.event - Update id=675292184 is handled. Duration 468 ms by bot id=7604875583
2025-05-09 17:12:17,551 - INFO - aiogram.event - Update id=675292185 is handled. Duration 187 ms by bot id=7604875583
2025-05-09 17:12:18,558 - INFO - aiogram.event - Update id=675292186 is handled. Duration 250 ms by bot id=7604875583
2025-05-09 17:12:19,929 - INFO - aiogram.event - Update id=675292187 is handled. Duration 281 ms by bot id=7604875583
2025-05-09 17:12:21,608 - INFO - aiogram.event - Update id=675292188 is handled. Duration 235 ms by bot id=7604875583
2025-05-09 17:12:22,214 - INFO - aiogram.event - Update id=675292189 is handled. Duration 250 ms by bot id=7604875583
2025-05-09 17:12:22,554 - INFO - aiogram.event - Update id=675292190 is handled. Duration 485 ms by bot id=7604875583
2025-05-09 17:12:23,393 - INFO - aiogram.event - Update id=675292191 is handled. Duration 218 ms by bot id=7604875583
2025-05-09 17:12:24,090 - INFO - aiogram.event - Update id=675292192 is handled. Duration 281 ms by bot id=7604875583
2025-05-09 17:12:24,779 - INFO - aiogram.event - Update id=675292193 is handled. Duration 233 ms by bot id=7604875583
2025-05-09 17:12:25,410 - INFO - aiogram.event - Update id=675292194 is handled. Duration 312 ms by bot id=7604875583
2025-05-09 17:12:25,491 - INFO - aiogram.event - Update id=675292195 is handled. Duration 297 ms by bot id=7604875583
2025-05-09 17:12:26,149 - INFO - aiogram.event - Update id=675292196 is handled. Duration 264 ms by bot id=7604875583
2025-05-09 17:12:26,894 - INFO - aiogram.event - Update id=675292197 is handled. Duration 360 ms by bot id=7604875583
2025-05-09 17:12:27,697 - INFO - aiogram.event - Update id=675292198 is handled. Duration 358 ms by bot id=7604875583
2025-05-09 17:12:29,854 - INFO - aiogram.event - Update id=675292199 is handled. Duration 110 ms by bot id=7604875583
2025-05-09 17:12:30,617 - INFO - aiogram.event - Update id=675292200 is handled. Duration 250 ms by bot id=7604875583
2025-05-09 17:12:31,619 - INFO - aiogram.event - Update id=675292201 is handled. Duration 264 ms by bot id=7604875583
2025-05-09 17:12:32,395 - INFO - aiogram.event - Update id=675292202 is handled. Duration 250 ms by bot id=7604875583
2025-05-09 17:12:33,628 - INFO - aiogram.event - Update id=675292203 is handled. Duration 156 ms by bot id=7604875583
2025-05-09 17:12:34,520 - INFO - aiogram.event - Update id=675292204 is not handled. Duration 0 ms by bot id=7604875583
2025-05-09 17:12:36,804 - INFO - aiogram.event - Update id=675292205 is handled. Duration 265 ms by bot id=7604875583
2025-05-09 17:12:37,444 - INFO - aiogram.event - Update id=675292206 is handled. Duration 280 ms by bot id=7604875583
2025-05-09 17:12:50,265 - INFO - aiogram.event - Update id=675292207 is handled. Duration 110 ms by bot id=7604875583
2025-05-09 17:16:15,858 - INFO - aiogram.event - Update id=675292208 is handled. Duration 500 ms by bot id=7604875583
2025-05-09 17:16:18,693 - INFO - aiogram.event - Update id=675292209 is handled. Duration 250 ms by bot id=7604875583
2025-05-09 17:16:21,958 - INFO - aiogram.event - Update id=675292210 is handled. Duration 233 ms by bot id=7604875583
2025-05-09 17:16:22,602 - INFO - aiogram.event - Update id=675292211 is handled. Duration 250 ms by bot id=7604875583
2025-05-09 17:16:25,384 - INFO - aiogram.event - Update id=675292212 is handled. Duration 297 ms by bot id=7604875583
2025-05-09 17:16:26,245 - INFO - aiogram.event - Update id=675292213 is handled. Duration 250 ms by bot id=7604875583
2025-05-09 19:14:08,423 - INFO - aiogram.event - Update id=675292214 is handled. Duration 344 ms by bot id=7604875583
2025-05-09 19:14:09,748 - INFO - aiogram.event - Update id=675292215 is handled. Duration 233 ms by bot id=7604875583
2025-05-09 19:14:11,322 - INFO - aiogram.event - Update id=675292216 is handled. Duration 264 ms by bot id=7604875583
2025-05-09 19:14:12,486 - INFO - aiogram.event - Update id=675292217 is handled. Duration 235 ms by bot id=7604875583
2025-05-09 19:14:13,444 - INFO - aiogram.event - Update id=675292218 is handled. Duration 311 ms by bot id=7604875583
2025-05-09 19:14:14,236 - INFO - aiogram.event - Update id=675292219 is handled. Duration 250 ms by bot id=7604875583
2025-05-09 19:14:16,171 - INFO - aiogram.event - Update id=675292220 is handled. Duration 281 ms by bot id=7604875583
2025-05-09 19:14:17,740 - INFO - aiogram.event - Update id=675292221 is handled. Duration 250 ms by bot id=7604875583
2025-05-09 19:14:18,711 - INFO - aiogram.event - Update id=675292222 is handled. Duration 250 ms by bot id=7604875583
2025-05-09 19:14:20,073 - INFO - aiogram.event - Update id=675292223 is handled. Duration 358 ms by bot id=7604875583
2025-05-09 19:14:20,698 - INFO - aiogram.event - Update id=675292224 is handled. Duration 436 ms by bot id=7604875583
2025-05-09 19:14:21,670 - INFO - aiogram.event - Update id=675292225 is handled. Duration 437 ms by bot id=7604875583
2025-05-09 19:14:22,478 - INFO - aiogram.event - Update id=675292226 is handled. Duration 282 ms by bot id=7604875583
2025-05-09 19:14:23,319 - INFO - aiogram.event - Update id=675292227 is handled. Duration 250 ms by bot id=7604875583
2025-05-09 19:14:24,436 - INFO - aiogram.event - Update id=675292228 is handled. Duration 437 ms by bot id=7604875583
2025-05-09 19:14:26,105 - INFO - aiogram.event - Update id=675292229 is handled. Duration 328 ms by bot id=7604875583
2025-05-09 19:14:27,261 - INFO - aiogram.event - Update id=675292230 is handled. Duration 266 ms by bot id=7604875583
2025-05-09 19:14:28,873 - INFO - aiogram.event - Update id=675292231 is handled. Duration 406 ms by bot id=7604875583
2025-05-09 19:14:30,273 - INFO - aiogram.event - Update id=675292232 is handled. Duration 296 ms by bot id=7604875583
2025-05-09 19:14:30,836 - INFO - aiogram.event - Update id=675292233 is handled. Duration 250 ms by bot id=7604875583
2025-05-09 19:14:33,024 - INFO - aiogram.event - Update id=675292234 is handled. Duration 250 ms by bot id=7604875583
2025-05-09 19:14:34,401 - INFO - aiogram.event - Update id=675292235 is handled. Duration 312 ms by bot id=7604875583
